Build started 2017-06-11 9:21:26 AM.
     1>Project "E:\Development\FPCamera\FPCameraVS\FPCameraVS\FPCameraVS.vcxproj" on node 2 (Build target(s)).
     1>Link:
         E:\Program Files\Visual Studio 2012\VC\bin\link.exe /ERRORREPORT:PROMPT /OUT:"E:\Development\FPCamera\FPCameraVS\Debug\FPCameraVS.exe" /INCREMENTAL /NOLOGO glew32s.lib glfw3.lib opengl32.lib kernel32.lib user32.lib gdi32.lib winspool.lib comdlg32.lib advapi32.lib shell32.lib ole32.lib oleaut32.lib uuid.lib odbc32.lib odbccp32.lib XINPUT9_1_0.LIB fmodstudio_vc.lib fmodstudioL_vc.lib fmod_vc.lib fmodL_vc.lib kernel32.lib user32.lib gdi32.lib winspool.lib comdlg32.lib advapi32.lib shell32.lib ole32.lib oleaut32.lib uuid.lib odbc32.lib odbccp32.lib /NODEFAULTLIB:LIBCMT.lib /MANIFEST /MANIFESTUAC:"level='asInvoker' uiAccess='false'" /manifest:embed /DEBUG /PDB:"E:\Development\FPCamera\FPCameraVS\Debug\FPCameraVS.pdb" /SUBSYSTEM:CONSOLE /TLBID:1 /DYNAMICBASE /NXCOMPAT /IMPLIB:"E:\Development\FPCamera\FPCameraVS\Debug\FPCameraVS.lib" /MACHINE:X86 Debug\GLFWRunner.obj
         Debug\GraphicsObject.obj
         Debug\Main.obj
         Debug\Renderer.obj
         Debug\ShaderObject.obj
     1>LINK : warning LNK4098: defaultlib 'LIBCMTD' conflicts with use of other libs; use /NODEFAULTLIB:library
     1>glew32s.lib(glew.obj) : warning LNK4099: PDB 'vc120.pdb' was not found with 'glew32s.lib(glew.obj)' or at 'E:\Development\FPCamera\FPCameraVS\Debug\vc120.pdb'; linking object as if no debug info
     1>glfw3.lib(context.obj) : warning LNK4099: PDB 'vc110.pdb' was not found with 'glfw3.lib(context.obj)' or at 'E:\Development\FPCamera\FPCameraVS\Debug\vc110.pdb'; linking object as if no debug info
     1>glfw3.lib(init.obj) : warning LNK4099: PDB 'vc110.pdb' was not found with 'glfw3.lib(init.obj)' or at 'E:\Development\FPCamera\FPCameraVS\Debug\vc110.pdb'; linking object as if no debug info
     1>glfw3.lib(input.obj) : warning LNK4099: PDB 'vc110.pdb' was not found with 'glfw3.lib(input.obj)' or at 'E:\Development\FPCamera\FPCameraVS\Debug\vc110.pdb'; linking object as if no debug info
     1>glfw3.lib(monitor.obj) : warning LNK4099: PDB 'vc110.pdb' was not found with 'glfw3.lib(monitor.obj)' or at 'E:\Development\FPCamera\FPCameraVS\Debug\vc110.pdb'; linking object as if no debug info
     1>glfw3.lib(window.obj) : warning LNK4099: PDB 'vc110.pdb' was not found with 'glfw3.lib(window.obj)' or at 'E:\Development\FPCamera\FPCameraVS\Debug\vc110.pdb'; linking object as if no debug info
     1>glfw3.lib(win32_init.obj) : warning LNK4099: PDB 'vc110.pdb' was not found with 'glfw3.lib(win32_init.obj)' or at 'E:\Development\FPCamera\FPCameraVS\Debug\vc110.pdb'; linking object as if no debug info
     1>glfw3.lib(win32_monitor.obj) : warning LNK4099: PDB 'vc110.pdb' was not found with 'glfw3.lib(win32_monitor.obj)' or at 'E:\Development\FPCamera\FPCameraVS\Debug\vc110.pdb'; linking object as if no debug info
     1>glfw3.lib(win32_time.obj) : warning LNK4099: PDB 'vc110.pdb' was not found with 'glfw3.lib(win32_time.obj)' or at 'E:\Development\FPCamera\FPCameraVS\Debug\vc110.pdb'; linking object as if no debug info
     1>glfw3.lib(win32_tls.obj) : warning LNK4099: PDB 'vc110.pdb' was not found with 'glfw3.lib(win32_tls.obj)' or at 'E:\Development\FPCamera\FPCameraVS\Debug\vc110.pdb'; linking object as if no debug info
     1>glfw3.lib(win32_window.obj) : warning LNK4099: PDB 'vc110.pdb' was not found with 'glfw3.lib(win32_window.obj)' or at 'E:\Development\FPCamera\FPCameraVS\Debug\vc110.pdb'; linking object as if no debug info
     1>glfw3.lib(winmm_joystick.obj) : warning LNK4099: PDB 'vc110.pdb' was not found with 'glfw3.lib(winmm_joystick.obj)' or at 'E:\Development\FPCamera\FPCameraVS\Debug\vc110.pdb'; linking object as if no debug info
     1>glfw3.lib(wgl_context.obj) : warning LNK4099: PDB 'vc110.pdb' was not found with 'glfw3.lib(wgl_context.obj)' or at 'E:\Development\FPCamera\FPCameraVS\Debug\vc110.pdb'; linking object as if no debug info
         FPCameraVS.vcxproj -> E:\Development\FPCamera\FPCameraVS\Debug\FPCameraVS.exe
     1>Done Building Project "E:\Development\FPCamera\FPCameraVS\FPCameraVS\FPCameraVS.vcxproj" (Build target(s)).

Build succeeded.

Time Elapsed 00:00:02.51
